./main/java/org/hawk/cache/HawkCache.java
./main/java/org/hawk/constant/HawkConstant.java
./main/java/org/hawk/constant/HawkLanguageKeyWord.java
./main/java/org/hawk/constant/SpringConstant.java
./main/java/org/hawk/container/AppContainer.java
./main/java/org/hawk/data/perf/HawkPerfData.java
./main/java/org/hawk/data/perf/HawkPerfDataCollector.java
./main/java/org/hawk/data/perf/HawkPerfUtil.java
./main/java/org/hawk/data/perf/ModuleExcecutionStatusEnum.java
./main/java/org/hawk/ds/element/ClubberElement.java
./main/java/org/hawk/ds/element/Element.java
./main/java/org/hawk/ds/element/ElementFactory.java
./main/java/org/hawk/ds/element/EmptyElement.java
./main/java/org/hawk/ds/element/ExecElement.java
./main/java/org/hawk/ds/element/ExecFunctionElement.java
./main/java/org/hawk/ds/element/ExecModuleElement.java
./main/java/org/hawk/ds/element/IElement.java
./main/java/org/hawk/ds/element/NumberElement.java
./main/java/org/hawk/ds/element/OperatorElement.java
./main/java/org/hawk/ds/element/StringElement.java
./main/java/org/hawk/ds/element/VariableElement.java
./main/java/org/hawk/ds/Expression.java
./main/java/org/hawk/ds/OperatorEnum.java
./main/java/org/hawk/ds/ScriptBinaryTree.java
./main/java/org/hawk/ds/Stack.java
./main/java/org/hawk/exception/HawkCompilationException.java
./main/java/org/hawk/exception/HawkError.java
./main/java/org/hawk/exception/HawkException.java
./main/java/org/hawk/exception/HawkInterpretationError.java
./main/java/org/hawk/exception/HawkStopException.java
./main/java/org/hawk/executor/GUICommand.java
./main/java/org/hawk/executor/GUIExecutor.java
./main/java/org/hawk/executor/HawkExecutionModeEnum.java
./main/java/org/hawk/executor/HawkUsage.java
./main/java/org/hawk/executor/HelpCommand.java
./main/java/org/hawk/executor/HelpExecutor.java
./main/java/org/hawk/executor/IHawkCommandExecutor.java
./main/java/org/hawk/executor/IHawkExecutionCommand.java
./main/java/org/hawk/executor/IntegrationTestCommand.java
./main/java/org/hawk/executor/ModuleExecutor.java
./main/java/org/hawk/executor/PlottingExecutor.java
./main/java/org/hawk/executor/ScriptCompilationCommand.java
./main/java/org/hawk/executor/ScriptCompiler.java
./main/java/org/hawk/executor/ScriptExecutor.java
./main/java/org/hawk/executor/ScriptInterpretationCommand.java
./main/java/org/hawk/executor/ScriptInterpretationDebugCommand.java
./main/java/org/hawk/executor/ScriptInterpretationPerfCommand.java
./main/java/org/hawk/executor/TestExecutor.java
./main/java/org/hawk/executor/TrainingCommand.java
./main/java/org/hawk/executor/TrainingExecutor.java
./main/java/org/hawk/executor/VersionCommand.java
./main/java/org/hawk/html/HTMLUtil.java
./main/java/org/hawk/html/Option.java
./main/java/org/hawk/html/Select.java
./main/java/org/hawk/http/CookieManager.java
./main/java/org/hawk/http/HttpConnectionFactory.java
./main/java/org/hawk/http/HttpExecutor.java
./main/java/org/hawk/http/HttpRequest.java
./main/java/org/hawk/http/HttpResponse.java
./main/java/org/hawk/http/HttpSessionInfo.java
./main/java/org/hawk/http/HttpSessionLocal.java
./main/java/org/hawk/http/IHttpExecutor.java
./main/java/org/hawk/ide/ClassPathHacker.java
./main/java/org/hawk/lang/AbstractScript.java
./main/java/org/hawk/lang/comment/MultiLineCommentScript.java
./main/java/org/hawk/lang/comment/SingleLineCommentScript.java
./main/java/org/hawk/lang/condition/ElseIfScript.java
./main/java/org/hawk/lang/condition/IfScript.java
./main/java/org/hawk/lang/console/EchoScript.java
./main/java/org/hawk/lang/enumeration/ArrayTypeEnum.java
./main/java/org/hawk/lang/enumeration/InputStreamEnum.java
./main/java/org/hawk/lang/enumeration/VarTypeEnum.java
./main/java/org/hawk/lang/file/ReadLineScript.java
./main/java/org/hawk/lang/function/AbstractFunctionStackUtility.java
./main/java/org/hawk/lang/function/ExecFunctionScript.java
./main/java/org/hawk/lang/function/ExecModuleScript.java
./main/java/org/hawk/lang/function/ExecParameterScript.java
./main/java/org/hawk/lang/function/FunctionInvocationInfo.java
./main/java/org/hawk/lang/function/FunctionScript.java
./main/java/org/hawk/lang/function/ParameterScript.java
./main/java/org/hawk/lang/function/ReturnScript.java
./main/java/org/hawk/lang/HawkIDE.java
./main/java/org/hawk/lang/IScript.java
./main/java/org/hawk/lang/loop/BreakScript.java
./main/java/org/hawk/lang/loop/DoWhileLoopScript.java
./main/java/org/hawk/lang/loop/ForLoopScript.java
./main/java/org/hawk/lang/loop/WhileLoopScript.java
./main/java/org/hawk/lang/multiline/MultiLineContainer.java
./main/java/org/hawk/lang/multiline/MultiLineScript.java
./main/java/org/hawk/lang/multiline/MultiLineScriptFactory.java
./main/java/org/hawk/lang/object/AbstractIncludeScript.java
./main/java/org/hawk/lang/object/AbstractStructRequestFInder.java
./main/java/org/hawk/lang/object/ArrayDeclScript.java
./main/java/org/hawk/lang/object/AssignmentScript.java
./main/java/org/hawk/lang/object/ControlRequest.java
./main/java/org/hawk/lang/object/IStructRequestFinder.java
./main/java/org/hawk/lang/object/LocalVarDeclScript.java
./main/java/org/hawk/lang/object/StructureDefnScript.java
./main/java/org/hawk/lang/object/StructureScript.java
./main/java/org/hawk/lang/object/VariableDeclScript.java
./main/java/org/hawk/lang/object/XMLStructIncludeScript.java
./main/java/org/hawk/lang/object/XMLVariableDeclScript.java
./main/java/org/hawk/lang/runtime/java/object/JavaArrayScript.java
./main/java/org/hawk/lang/runtime/java/object/JavaObjectHawkScriptConverter.java
./main/java/org/hawk/lang/runtime/java/object/JavaObjectScript.java
./main/java/org/hawk/lang/singleline/SingleLineScript.java
./main/java/org/hawk/lang/singleline/SingleLineScriptFactory.java
./main/java/org/hawk/lang/thread/ExecBackgroundSingleLineScript.java
./main/java/org/hawk/lang/thread/ExecParallelSingleLineScript.java
./main/java/org/hawk/lang/type/AbstractDataType.java
./main/java/org/hawk/lang/type/BooleanDataType.java
./main/java/org/hawk/lang/type/DataTypeFactory.java
./main/java/org/hawk/lang/type/DoubleDataType.java
./main/java/org/hawk/lang/type/IDataType.java
./main/java/org/hawk/lang/type/IntDataType.java
./main/java/org/hawk/lang/type/IntegerOverflow.java
./main/java/org/hawk/lang/type/StringDataType.java
./main/java/org/hawk/lang/type/Variable.java
./main/java/org/hawk/lang/util/AliasScript.java
./main/java/org/hawk/lang/util/ThinkScript.java
./main/java/org/hawk/lang/xml/XMLResponseScript.java
./main/java/org/hawk/logger/HawkLogger.java
./main/java/org/hawk/main/Main.java
./main/java/org/hawk/module/AbstractModule.java
./main/java/org/hawk/module/annotation/CollectPerfData.java
./main/java/org/hawk/module/annotation/Config.java
./main/java/org/hawk/module/annotation/CreateScript.java
./main/java/org/hawk/module/annotation/HorizontalParser.java
./main/java/org/hawk/module/annotation/Implementor.java
./main/java/org/hawk/module/annotation/Implementors.java
./main/java/org/hawk/module/annotation/Module.java
./main/java/org/hawk/module/annotation/MultiLinePattern.java
./main/java/org/hawk/module/annotation/PostCreateScript.java
./main/java/org/hawk/module/annotation/ScriptPattern.java
./main/java/org/hawk/module/annotation/SingleTon.java
./main/java/org/hawk/module/annotation/SingleTonSetter.java
./main/java/org/hawk/module/annotation/SubTask.java
./main/java/org/hawk/module/annotation/VerticalParser.java
./main/java/org/hawk/module/config/HawkConfig.java
./main/java/org/hawk/module/config/HawkConfigManager.java
./main/java/org/hawk/module/IModule.java
./main/java/org/hawk/module/lib/FileModule.java
./main/java/org/hawk/module/lib/HttpModule.java
./main/java/org/hawk/module/lib/MathModule.java
./main/java/org/hawk/module/lib/Student.java
./main/java/org/hawk/module/lib/SystemModule.java
./main/java/org/hawk/module/lib/TestModule.java
./main/java/org/hawk/module/LibraryModule.java
./main/java/org/hawk/module/ModuleFactory.java
./main/java/org/hawk/module/task/SubTaskContainer.java
./main/java/org/hawk/pattern/PatternMatcher.java
./main/java/org/hawk/shutdown/HawkShutdown.java
./main/java/org/hawk/startup/HawkSetup.java
./main/java/org/hawk/startup/HawkStartup.java
./main/java/org/hawk/startup/IHawkSetup.java
./main/java/org/hawk/startup/IHawkStartup.java
./main/java/org/hawk/tst/HawkTestCaseStatusEnum.java
./main/java/org/hawk/tst/HawkTestResult.java
./main/java/org/hawk/util/HawkImageUtil.java
./main/java/org/hawk/util/HawkUtil.java
./main/java/org/hawk/util/HttpUtil.java
./main/java/org/hawk/util/PropertiesUtil.java
./main/java/org/hawk/util/StringUtil.java
./main/java/org/hawk/xml/XMLUtil.java
./test/java/org/hawk/AppTest.java
